2026-07-10 13:57:14,236 [INFO] 开始处理已提取帖子 input_file=sources\automations\BBXM每日汇总\2026-07-10\冰冰小美\processing\extracted-posts-20260710.json author=冰冰小美 target_date=2026-07-10
2026-07-10 13:57:14,240 [INFO] 保存成功: E:\caojingwen\obsidian\llmwiki\sources\automations\BBXM每日汇总\2026-07-10\冰冰小美\134700_关注商业航天的_下一步要跟踪产业进度_比如中国星网组网速度_比如产业规划与投资增速_比如细分领域_39947874.md
2026-07-10 13:57:14,245 [INFO] 保存成功: E:\caojingwen\obsidian\llmwiki\sources\automations\BBXM每日汇总\2026-07-10\冰冰小美\134200_盘面看_宁德时代_今天砸的有点大_-_雪球_39947714.md
2026-07-10 13:57:14,249 [INFO] 保存成功: E:\caojingwen\obsidian\llmwiki\sources\automations\BBXM每日汇总\2026-07-10\冰冰小美\133800_这种上涨只能说明_目前买卖的人群_还是倾向于宏大叙事与未来产业_简单一句_就是中米G2全面竞争的_39947594.md
2026-07-10 13:57:14,254 [INFO] 保存成功: E:\caojingwen\obsidian\llmwiki\sources\automations\BBXM每日汇总\2026-07-10\冰冰小美\133100_这应该是商业航天的Deep_seek时刻_-_雪球_39947387.md
2026-07-10 13:57:14,259 [INFO] 保存成功: E:\caojingwen\obsidian\llmwiki\sources\automations\BBXM每日汇总\2026-07-10\冰冰小美\132800_这种要不要拉黑_-_雪球_39947290.md
2026-07-10 13:57:14,264 [INFO] 保存成功: E:\caojingwen\obsidian\llmwiki\sources\automations\BBXM每日汇总\2026-07-10\冰冰小美\132300_航天人_挣钱了要记得给广西同胞捐点_-_雪球_39947115.md
2026-07-10 13:57:14,269 [INFO] 保存成功: E:\caojingwen\obsidian\llmwiki\sources\automations\BBXM每日汇总\2026-07-10\冰冰小美\131500_雪球-聪明的投资者都在这里_39946884.md
2026-07-10 13:57:14,273 [INFO] 保存成功: E:\caojingwen\obsidian\llmwiki\sources\automations\BBXM每日汇总\2026-07-10\冰冰小美\130400_回收成功_可喜可贺_-_雪球_39946588.md
2026-07-10 13:57:14,278 [INFO] 保存成功: E:\caojingwen\obsidian\llmwiki\sources\automations\BBXM每日汇总\2026-07-10\冰冰小美\122000_我座右铭是实事求是_如果我说东_你说西_我是极度反感的_印象分直接归零_心情不好立马拉黑_-_雪_39945828.md
2026-07-10 13:57:14,284 [INFO] 保存成功: E:\caojingwen\obsidian\llmwiki\sources\automations\BBXM每日汇总\2026-07-10\冰冰小美\115700_举个例子_这类留言要不要拉黑_你们投票_拉黑1_不拉黑2_我拉黑理由_一_我从没提过建仓创新药__39945438.md
2026-07-10 13:57:14,290 [INFO] 保存成功: E:\caojingwen\obsidian\llmwiki\sources\automations\BBXM每日汇总\2026-07-10\冰冰小美\113700_Etf建仓记住是阶梯型_可以去回顾Etf的一些科普贴_-_雪球_39944976.md
2026-07-10 13:57:14,297 [INFO] 保存成功: E:\caojingwen\obsidian\llmwiki\sources\automations\BBXM每日汇总\2026-07-10\冰冰小美\112500_根据之前判断_老登新登一起跌_然后老登有概率触底_推倒重来的好处_那么_就是某EtF买点_但是这_39944618.md
2026-07-10 13:57:14,304 [INFO] 保存成功: E:\caojingwen\obsidian\llmwiki\sources\automations\BBXM每日汇总\2026-07-10\冰冰小美\111800_明白_-_雪球_39944377.md
2026-07-10 13:57:14,311 [INFO] 保存成功: E:\caojingwen\obsidian\llmwiki\sources\automations\BBXM每日汇总\2026-07-10\冰冰小美\111400_最近中报业绩报公布频繁_市场_如果根据业绩指引修复合理估值_那么市场自然有涨有跌_看你如何去理解_39944253.md
2026-07-10 13:57:14,319 [INFO] 保存成功: E:\caojingwen\obsidian\llmwiki\sources\automations\BBXM每日汇总\2026-07-10\冰冰小美\105300_目前锂矿_只能找到碳酸锂下跌不利因素引发下跌_受制于期货价格波动_-_雪球_39943504.md
2026-07-10 13:57:14,328 [INFO] 保存成功: E:\caojingwen\obsidian\llmwiki\sources\automations\BBXM每日汇总\2026-07-10\冰冰小美\104300_这是最近一个月_第一次4000_上涨_市场如果因流动性下阶段预期改善_回归合理定价_对未来行情演_39943074.md
2026-07-10 13:57:14,336 [INFO] 保存成功: E:\caojingwen\obsidian\llmwiki\sources\automations\BBXM每日汇总\2026-07-10\冰冰小美\103600_这行情比较良性_老登新登一起涨_因此_分歧上涨过程_强弱分明做一下日内交易_可以降低成本_-_雪_39942773.md
2026-07-10 13:57:14,345 [INFO] 保存成功: E:\caojingwen\obsidian\llmwiki\sources\automations\BBXM每日汇总\2026-07-10\冰冰小美\102800_雪球-聪明的投资者都在这里_39942445.md
2026-07-10 13:57:14,354 [INFO] 保存成功: E:\caojingwen\obsidian\llmwiki\sources\automations\BBXM每日汇总\2026-07-10\冰冰小美\084900_鼎龙股份_业绩预告翻译_一_半导体材料板块行业景气度上行_多品类产品放量增长受益于全球半导体产业_39938970.md
