2026-07-09 15:16:15,016 [INFO] 开始处理已提取帖子 input_file=sources\automations\BBXM每日汇总\2026-07-09\冰冰小美\processing\extracted-posts-20260709.json author=冰冰小美 target_date=2026-07-09
2026-07-09 15:16:15,021 [INFO] 保存成功: E:\caojingwen\obsidian\llmwiki\sources\automations\BBXM每日汇总\2026-07-09\冰冰小美\151200_收盘总结_浪潮信息_开板_通源石油_暴涨_浪潮信息封板_通源石油下跌_华天科技_封板_通源石油加_39928291.md
2026-07-09 15:16:15,027 [INFO] 保存成功: E:\caojingwen\obsidian\llmwiki\sources\automations\BBXM每日汇总\2026-07-09\冰冰小美\150200_这实力_吓死宝宝了_几乎全面All_in_ETF_带动盘面多个方向修复_航天_机器人_药_车_材_39927953.md
2026-07-09 15:16:15,032 [INFO] 保存成功: E:\caojingwen\obsidian\llmwiki\sources\automations\BBXM每日汇总\2026-07-09\冰冰小美\143800_依旧是科技推动信心恢复_需要观察市场是否继续走K型分化_由于很多老登跌幅也很大_老登如果修复也同_39927093.md
2026-07-09 15:16:15,037 [INFO] 保存成功: E:\caojingwen\obsidian\llmwiki\sources\automations\BBXM每日汇总\2026-07-09\冰冰小美\141500_昨天央行报告解读_明明白白的_总是否定我爱国_不拉黑你拉黑谁_财政扩张_之前提过地方政府投资几百_39926309.md
2026-07-09 15:16:15,047 [INFO] 保存成功: E:\caojingwen\obsidian\llmwiki\sources\automations\BBXM每日汇总\2026-07-09\冰冰小美\140500_大奇迹日_一阳改三观_从6-26月报提示风险_到7-9_大奇迹日_14天_二周_明天_7_10__39925926.md
2026-07-09 15:16:15,052 [INFO] 保存成功: E:\caojingwen\obsidian\llmwiki\sources\automations\BBXM每日汇总\2026-07-09\冰冰小美\135300_举个例子_亨通作为光的代表_都跌成这样_这不就是国外宏观流动性危机导致的_央妈昨天说_政策前瞻性_39925507.md
2026-07-09 15:16:15,058 [INFO] 保存成功: E:\caojingwen\obsidian\llmwiki\sources\automations\BBXM每日汇总\2026-07-09\冰冰小美\134500_生气有用吗_有用的_提纯粉丝_留下来的_注定会思考我买卖_活该我挣钱_因为我是央妈的脑残粉_气死_39925199.md
2026-07-09 15:16:15,065 [INFO] 保存成功: E:\caojingwen\obsidian\llmwiki\sources\automations\BBXM每日汇总\2026-07-09\冰冰小美\133200_下午Etf集体拉升_如果没有昨天央妈对下阶段流动性宽松表态_今年能有一次像样的反弹_我解读有利__39924795.md
2026-07-09 15:16:15,070 [INFO] 保存成功: E:\caojingwen\obsidian\llmwiki\sources\automations\BBXM每日汇总\2026-07-09\冰冰小美\132200_光和_东鹏饮料_跷跷板_我能决定_这不是量化吗_-_雪球_39924493.md
2026-07-09 15:16:15,077 [INFO] 保存成功: E:\caojingwen\obsidian\llmwiki\sources\automations\BBXM每日汇总\2026-07-09\冰冰小美\132000_这涨的我能决定_-_雪球_39924443.md
2026-07-09 15:16:15,082 [INFO] 保存成功: E:\caojingwen\obsidian\llmwiki\sources\automations\BBXM每日汇总\2026-07-09\冰冰小美\131800_股神太多_关注我_是为了否定我_就喜欢找存在感_煞笔一样_解读央妈_说下阶段流动性有利_是利好__39924372.md
2026-07-09 15:16:15,090 [INFO] 保存成功: E:\caojingwen\obsidian\llmwiki\sources\automations\BBXM每日汇总\2026-07-09\冰冰小美\113700_韩国独有_外资_北美机构为主_扎堆韩国买海力士股票_海力士飞升_北美上市_北美机构逃离韩国市场__39922467.md
2026-07-09 15:16:15,098 [INFO] 保存成功: E:\caojingwen\obsidian\llmwiki\sources\automations\BBXM每日汇总\2026-07-09\冰冰小美\110300_创业板_指数本月跌幅近-12_市场恐慌在所难免_但是如果6月末有清晰认识_轻仓度过_观察为主_现_39921104.md
2026-07-09 15:16:15,106 [INFO] 保存成功: E:\caojingwen\obsidian\llmwiki\sources\automations\BBXM每日汇总\2026-07-09\冰冰小美\105400_其实看一眼光就知道为何指数下跌_高开低走_头也不回_然后继续带动指数下跌_持续性指数下跌_指数其_39920690.md
2026-07-09 15:16:15,114 [INFO] 保存成功: E:\caojingwen\obsidian\llmwiki\sources\automations\BBXM每日汇总\2026-07-09\冰冰小美\104900_除韬与少数细分方向上涨_其他方向几乎不讲逻辑_泥沙俱下_最近发帖解释过_帖子很多_核心是_宏观风_39920405.md
2026-07-09 15:16:15,123 [INFO] 保存成功: E:\caojingwen\obsidian\llmwiki\sources\automations\BBXM每日汇总\2026-07-09\冰冰小美\103800_国外链依旧是高开低走_依旧是风险聚集地_国产线_财政扩张_产业规划_央行宽松定向支持_目前为数不_39919864.md
2026-07-09 15:16:15,132 [INFO] 保存成功: E:\caojingwen\obsidian\llmwiki\sources\automations\BBXM每日汇总\2026-07-09\冰冰小美\103100_由衷希望高质量发展转型成功_交割单_非推荐_仅个人交易理解_-_雪球_39919535.md
2026-07-09 15:16:15,142 [INFO] 保存成功: E:\caojingwen\obsidian\llmwiki\sources\automations\BBXM每日汇总\2026-07-09\冰冰小美\102600_收拾心情_重新出发_市场依旧是围绕韬定律_芯片设计_制程制造_高端封测_推动上涨_信息_长鑫科技_39919324.md
2026-07-09 15:16:15,151 [INFO] 保存成功: E:\caojingwen\obsidian\llmwiki\sources\automations\BBXM每日汇总\2026-07-09\冰冰小美\071800_江淮汽车_发布业绩预告_业绩依旧亏钱_扣非净利润亏损扩大_6-25新车mpv预定开始_还没有交付_39915030.md

