2026-07-14 15:48:36,218 [INFO] 开始处理已提取帖子 input_file=sources\automations\BBXM每日汇总\2026-07-14\冰冰小美\processing\extracted-posts.json author=冰冰小美 target_date=2026-07-14
2026-07-14 15:48:36,222 [INFO] 保存成功: E:\caojingwen\obsidian\llmwiki\sources\automations\BBXM每日汇总\2026-07-14\冰冰小美\141600_我不知道我科普有没有意义_但是我心中一阵悲凉_人为刀俎我为鱼肉既视感_-_雪球_40005958.md
2026-07-14 15:48:36,227 [INFO] 保存成功: E:\caojingwen\obsidian\llmwiki\sources\automations\BBXM每日汇总\2026-07-14\冰冰小美\141000_网页链接问题_是不是_市场资产定价功能回归_-_雪球_40005798.md
2026-07-14 15:48:36,228 [INFO] 跳过非目标日期内容: 帖子不属于目标日期: 2026-07-09
2026-07-14 15:48:36,232 [INFO] 保存成功: E:\caojingwen\obsidian\llmwiki\sources\automations\BBXM每日汇总\2026-07-14\冰冰小美\134900_今天美国发布Cpi数据_有色今天全天强势_主要是热钱投机出清_业绩大增估值修正_如果降息预期抬头_40005199.md
2026-07-14 15:48:36,238 [INFO] 保存成功: E:\caojingwen\obsidian\llmwiki\sources\automations\BBXM每日汇总\2026-07-14\冰冰小美\133300_这行情已经不是我能驾驭的_7月上半月防守美元潮汐收割_下半月因为重大事件更加密集_很多都是国内重_40004710.md
2026-07-14 15:48:36,242 [INFO] 保存成功: E:\caojingwen\obsidian\llmwiki\sources\automations\BBXM每日汇总\2026-07-14\冰冰小美\131400_万方同感伤_蝼蚁尚何求_-_雪球_40004150.md
2026-07-14 15:48:36,247 [INFO] 保存成功: E:\caojingwen\obsidian\llmwiki\sources\automations\BBXM每日汇总\2026-07-14\冰冰小美\130400_第一次见_指数都能一根穿云箭_你问我_我也不知道是啥情况_这需要几百亿上千亿同时成交_-_雪球_40003830.md
2026-07-14 15:48:36,252 [INFO] 保存成功: E:\caojingwen\obsidian\llmwiki\sources\automations\BBXM每日汇总\2026-07-14\冰冰小美\113600_收盘总结_从交易层面看_有一股力量引导做空恐慌_-_雪球_40002306.md
2026-07-14 15:48:36,258 [INFO] 保存成功: E:\caojingwen\obsidian\llmwiki\sources\automations\BBXM每日汇总\2026-07-14\冰冰小美\113300_坏不坏_时间卡的真好_9_15_拉红4_引发了一部分科技高开_10_00_直接砸崩_然后_我国科_40002232.md
2026-07-14 15:48:36,264 [INFO] 保存成功: E:\caojingwen\obsidian\llmwiki\sources\automations\BBXM每日汇总\2026-07-14\冰冰小美\111600_华正新材_与_生益科技_砸盘_10_44_通源石油_直接爆拉_10_44这精准的无话可说_也只能_40001591.md
2026-07-14 15:48:36,272 [INFO] 保存成功: E:\caojingwen\obsidian\llmwiki\sources\automations\BBXM每日汇总\2026-07-14\冰冰小美\110800_宏观让你控制仓位_微观让你谨慎交易_宏观贴提过多次_希望反复看_你不看_起码看一眼10年期美国国_40001259.md
2026-07-14 15:48:36,279 [INFO] 保存成功: E:\caojingwen\obsidian\llmwiki\sources\automations\BBXM每日汇总\2026-07-14\冰冰小美\110100_关于交易体系认知_亏钱认知等帖子_请查阅专栏贴网页链接主要是宏观的因子都发过贴_盘面跟踪发帖是微_40000787.md
2026-07-14 15:48:36,281 [INFO] 跳过非目标日期内容: 帖子不属于目标日期: 2024-11-09
2026-07-14 15:48:36,287 [INFO] 保存成功: E:\caojingwen\obsidian\llmwiki\sources\automations\BBXM每日汇总\2026-07-14\冰冰小美\105400_一点风吹草动就砸跌停_由此可见_市场羸弱_不堪一击_指数上涨背后_不认可光_pcb带动_华正新材_40000708.md
2026-07-14 15:48:36,295 [INFO] 保存成功: E:\caojingwen\obsidian\llmwiki\sources\automations\BBXM每日汇总\2026-07-14\冰冰小美\103900_真相与假相背后_充满血腥_不看盘了_今天注定是来回割韭菜的行情_市场没有锚点_-_雪球_40000109.md
2026-07-14 15:48:36,303 [INFO] 保存成功: E:\caojingwen\obsidian\llmwiki\sources\automations\BBXM每日汇总\2026-07-14\冰冰小美\103200_同样的伎俩与对冲_3月石油冲击与7月石油期货波动_市场变化有啥区别_这一次_矿股没跌_那么_这里_39999865.md
2026-07-14 15:48:36,311 [INFO] 保存成功: E:\caojingwen\obsidian\llmwiki\sources\automations\BBXM每日汇总\2026-07-14\冰冰小美\102000_紫金矿业_27横盘很久很久了_由白银推动的上涨回到推动前的价格_因此27以上都是热钱驱动的投机涨_39999405.md
2026-07-14 15:48:36,321 [INFO] 保存成功: E:\caojingwen\obsidian\llmwiki\sources\automations\BBXM每日汇总\2026-07-14\冰冰小美\101400_砸情绪标就是引发同质化策略_市场轮动飞快_亏钱效应明显_昨天跌10_今天反弹2_扶老奶奶下楼梯__39999139.md
2026-07-14 15:48:36,330 [INFO] 保存成功: E:\caojingwen\obsidian\llmwiki\sources\automations\BBXM每日汇总\2026-07-14\冰冰小美\100900_Pcb_铜矿_业绩都是增长_所以上下游协同_铜矿利润增长更快_因为铜价高位_下游有需求_Pcb利_39998946.md
2026-07-14 15:48:36,339 [INFO] 保存成功: E:\caojingwen\obsidian\llmwiki\sources\automations\BBXM每日汇总\2026-07-14\冰冰小美\095500_国产线砸崩_然后国外线拉升_pcb发布业绩报_带头反弹_情绪与方向引导如何丝滑_-_雪球_39998401.md
2026-07-14 15:48:36,348 [INFO] 保存成功: E:\caojingwen\obsidian\llmwiki\sources\automations\BBXM每日汇总\2026-07-14\冰冰小美\094300_又引导情绪恐慌_星网锐捷_高开秒板_石油拉升_砸盘只记得翻绿_把科技的多头扼杀_带崩科技反弹情绪_39997818.md
2026-07-14 15:48:36,359 [INFO] 保存成功: E:\caojingwen\obsidian\llmwiki\sources\automations\BBXM每日汇总\2026-07-14\冰冰小美\092800_从明天开始_我国相关的新闻就会逐步增加_从央行到产业大会_从Zzj到下半年经济指引_因此_需要时_39997001.md

2026-07-14 16:10:25,000 [INFO] 同日增量重跑完成 input_file=sources\automations\BBXM每日汇总\2026-07-14\冰冰小美\processing\extracted-posts-rerun-20260714-160439.json extracted_count=22 target_date_count=20 existing_state_count=20 new_target_count=0 non_target_count=2 dedupe_file=sources\automations\BBXM每日汇总\2026-07-14\冰冰小美\processing\rerun-dedupe-20260714-160439.json
