2026-07-13 10:03:09,043 [INFO] 跳过非目标日期内容: 帖子不属于目标日期: 2026-07-11
2026-07-13 10:03:09,044 [INFO] 跳过非目标日期内容: 帖子不属于目标日期: 2026-07-10
2026-07-13 10:03:09,044 [INFO] 跳过非目标日期内容: 帖子不属于目标日期: 2026-07-10
2026-07-13 10:03:09,044 [INFO] 跳过非目标日期内容: 帖子不属于目标日期: 2026-07-10
2026-07-13 10:03:09,045 [INFO] 跳过非目标日期内容: 帖子不属于目标日期: 2026-07-10
2026-07-13 10:03:09,045 [INFO] 跳过非目标日期内容: 帖子不属于目标日期: 2026-07-10
2026-07-13 10:03:09,045 [INFO] 跳过非目标日期内容: 帖子不属于目标日期: 2026-07-10
2026-07-13 10:03:09,046 [INFO] 跳过非目标日期内容: 帖子不属于目标日期: 2026-07-10
2026-07-13 10:03:09,046 [INFO] 跳过非目标日期内容: 帖子不属于目标日期: 2026-07-10
2026-07-13 10:03:09,046 [INFO] 跳过非目标日期内容: 帖子不属于目标日期: 2026-07-10
2026-07-13 10:03:09,047 [INFO] 跳过非目标日期内容: 帖子不属于目标日期: 2026-07-10
2026-07-13 10:03:09,047 [INFO] 跳过非目标日期内容: 帖子不属于目标日期: 2026-07-10
2026-07-13 10:03:09,047 [INFO] 跳过非目标日期内容: 帖子不属于目标日期: 2026-07-10
2026-07-13 10:03:09,047 [INFO] 跳过非目标日期内容: 帖子不属于目标日期: 2026-07-10
2026-07-13 10:03:09,048 [INFO] 跳过非目标日期内容: 帖子不属于目标日期: 2026-07-10
2026-07-13 10:03:09,048 [INFO] 跳过非目标日期内容: 帖子不属于目标日期: 2026-07-10
2026-07-13 10:03:09,048 [INFO] 跳过非目标日期内容: 帖子不属于目标日期: 2026-07-10
2026-07-13 10:03:09,048 [INFO] 跳过非目标日期内容: 帖子不属于目标日期: 2026-07-10
2026-07-13 10:03:09,048 [INFO] 跳过非目标日期内容: 帖子不属于目标日期: 2026-07-10
2026-07-13 10:03:09,048 [WARNING] 没有新的目标日期帖子需要保存。
2026-07-13 16:50:14 [INFO] 同日增量重跑：extract_xueqiu_posts.mjs 写出 processing/extracted-posts-rerun-20260713-163400.json，成功详情提取 26 条，content_task.py 目标日期过滤后保存 0 条目标日期原始帖。
2026-07-13 16:50:14 [WARNING] 同日增量重跑发现主页可见的 2026-07-13 相对时间候选帖，但详情页触发雪球滑动验证，open-detail-pages-rerun-20260713-164822.json 记录 14 个详情目标均 blocked 或 inspection failed。
2026-07-13 16:50:14 [INFO] 本轮 summary.md 已按不完整抓取边界更新：不得把 0 条保存结果写成作者全天无发帖；不得把主页片段翻译成确定买卖动作。
